Android/YuLian/proguard-project.txt
-optimizationpasses 5   
-dontusemixedcaseclassnames
-dontskipnonpubliclibraryclasses
-dontpreverify
-verbose
-optimizations !code/simplification/arithmetic,!field/*,!class/merging/
-dontwarn android.support.v4.**

-allowaccessmodification
-keepattributes *Annotation*

-keep public class com.asqw.android{
	public void Start(java.lang.String);
}
#保持 native 方法不被混淆
-keepclasseswithmembernames class * {
	native <methods>;
}
-keepattributes Signature
-keep class sun.misc.Unsafe { *; }

#某些构造方法不能去混淆#
-keepclasseswithmembers class * {
public <init>(android.content.Context, android.util.AttributeSet);
}
-keepclasseswithmembers class * {
public <init>(android.content.Context, android.util.AttributeSet, int);
}
-keepclassmembers enum * {
public static **[] values();
public static ** valueOf(java.lang.String);
}
#aidl文件不能去混淆#
-keep class * implements android.os.Parcelable {
public static final android.os.Parcelable$Creator *;
}

-keep class com.njkj.yulian.core.lib.event.** {*;}

-keepclassmembers class ** {
    public void onEvent*(**);
    void onEvent*(**);
}

-dontwarn cn.jpush.**
-dontwarn com.baidu.**
-dontwarn com.google.gson.**
-dontwarn com.mob.**
-dontwarn android.support.**
-dontwarn org.apache.http.**
-dontwarn com.squareup.picasso.**
-dontwarn android.net.http.**
-dontwarn com.njkj.yulian.core.lib.**
-dontwarn com.njkj.yulian.sharesdk.onekeyshare.**
-dontwarn com.njkj.yulian.ui.activity.image.**
-dontwarn com.njkj.yulian.ui.fragment.filter.**
-dontwarn com.njkj.yulian.utils.SmileUtils


-keep class com.baidu.** { *; }
-keep class vi.com.gdi.bgl.android.**{*;}
-keep class com.baidu.mapapi.* {*; }
-keep class com.google.gson.** {*;}
-keep class com.mob.** {*;}
-keep class org.apache.http.** {*;}
-keep class com.squareup.picasso.** {*;}
-keep class android.net.http.** {*;}
-keep class com.njkj.yulian.wxapi.** { *; }
-keep class com.njkj.yulian.core.lib.** { *; }
-keep class com.njkj.yulian.sharesdk.onekeyshare.** { *; }
-keep class com.njkj.yulian.MainApplication{ *; } 
-keep class com.njkj.yulian.entity.** { *; }
-keep class com.njkj.yulian.ui.activity.image.** { *; }
-keep class com.njkj.yulian.ui.fragment.filter.** { *; }
-keep class com.njkj.yulian.utils.SmileUtils{ *; }

-keep public class * extends android.app.Application  

-keepclassmembers class * implements java.io.Serializable {
    static final long serialVersionUID;
    private static final java.io.ObjectStreamField[] serialPersistentFields;
    private void writeObject(java.io.ObjectOutputStream);
    private void readObject(java.io.ObjectInputStream);
    java.lang.Object writeReplace();
    java.lang.Object readResolve();
}

-keep public class * implements java.io.Serializable {*;} 

## ----------------------------------
##      sharesdk
## ----------------------------------
-keep class cn.sharesdk.**{*;}
-keep class com.sina.**{*;}
-keep class **.R$* {*;}
-keep class **.R{*;}
-dontwarn cn.sharesdk.**
-dontwarn **.R$*


-libraryjars libs/android-support-v7-recyclerview.jar
-libraryjars libs/BaiduLBS_Android.jar
-libraryjars libs/asynchttpclient.jar
-libraryjars libs/faceppofflinesdk.jar
-libraryjars libs/faceppsdk.jar
-libraryjars libs/jpush-android-2.1.5.jar
-libraryjars libs/MobCommons-2016.0426.1819.jar
-libraryjars libs/MobTools-2016.0426.1819.jar
-libraryjars libs/nineoldandroids-2.4.0.jar
-libraryjars libs/picasso-2.5.2.jar
-libraryjars libs/renderscript-v8.jar
-libraryjars libs/ShareSDK-Core-2.7.2.jar
-libraryjars libs/ShareSDK-QQ-2.7.2.jar
-libraryjars libs/ShareSDK-Wechat-2.7.2.jar
-libraryjars libs/ShareSDK-Wechat-Core-2.7.2.jar
-libraryjars libs/ShareSDK-Wechat-Moments-2.7.2.jar