Android/YuLian/proguard/seeds.txt
com.njkj.yulian.MainApplication
com.njkj.yulian.MainApplication: android.content.Context sCtx
com.njkj.yulian.MainApplication: com.njkj.yulian.core.crash.CrashHandler crashHandler
com.njkj.yulian.MainApplication: MainApplication()
com.njkj.yulian.MainApplication: void onCreate()
com.njkj.yulian.MainApplication: android.content.Context getContext()
com.njkj.yulian.R
com.njkj.yulian.R: R()
com.njkj.yulian.R$anim
com.njkj.yulian.R$anim: int activity_close
com.njkj.yulian.R$anim: int activity_open
com.njkj.yulian.R$anim: int cycle
com.njkj.yulian.R$anim: int fade_ins
com.njkj.yulian.R$anim: int floating_action_button_hide
com.njkj.yulian.R$anim: int floating_action_button_show
com.njkj.yulian.R$anim: int in_animation
com.njkj.yulian.R$anim: int in_bottom_to_top
com.njkj.yulian.R$anim: int out_animation
com.njkj.yulian.R$anim: int out_bottom_to_top
com.njkj.yulian.R$anim: int pop_enter_anim
com.njkj.yulian.R$anim: int pop_exit_anim
com.njkj.yulian.R$anim: int push_bottom_in
com.njkj.yulian.R$anim: int push_bottom_out
com.njkj.yulian.R$anim: int push_left_in
com.njkj.yulian.R$anim: int push_left_out
com.njkj.yulian.R$anim: int record_focus
com.njkj.yulian.R$anim: int reverse_anim
com.njkj.yulian.R$anim: int rotate_down
com.njkj.yulian.R$anim: int rotate_up
com.njkj.yulian.R$anim: int rotating
com.njkj.yulian.R$anim: int shake
com.njkj.yulian.R$anim: int slide_in
com.njkj.yulian.R$anim: int slide_out
com.njkj.yulian.R$anim: R$anim()
com.njkj.yulian.R$array
com.njkj.yulian.R$array: int adjustUrl
com.njkj.yulian.R$array: int filterName
com.njkj.yulian.R$array: int filterUrl
com.njkj.yulian.R$array: int fontName
com.njkj.yulian.R$array: int tagArray
com.njkj.yulian.R$array: R$array()
com.njkj.yulian.R$attr
com.njkj.yulian.R$attr: int absListViewStyle
com.njkj.yulian.R$attr: int accessibilityFocusable
com.njkj.yulian.R$attr: int actionSheetBackground
com.njkj.yulian.R$attr: int actionSheetPadding
com.njkj.yulian.R$attr: int actionSheetStyle
com.njkj.yulian.R$attr: int actionSheetTextSize
com.njkj.yulian.R$attr: int addStatesFromChildren
com.njkj.yulian.R$attr: int alpha
com.njkj.yulian.R$attr: int alwaysDrawnWithCache
com.njkj.yulian.R$attr: int animate
com.njkj.yulian.R$attr: int animateLayoutChanges
com.njkj.yulian.R$attr: int animationCache
com.njkj.yulian.R$attr: int aspectRatioX
com.njkj.yulian.R$attr: int aspectRatioY
com.njkj.yulian.R$attr: int bar_length
com.njkj.yulian.R$attr: int bar_orientation_horizontal
com.njkj.yulian.R$attr: int bar_pointer_halo_radius
com.njkj.yulian.R$attr: int bar_pointer_radius
com.njkj.yulian.R$attr: int bar_thickness
com.njkj.yulian.R$attr: int borderRadius
com.njkj.yulian.R$attr: int borderWidth
com.njkj.yulian.R$attr: int border_color
com.njkj.yulian.R$attr: int border_width
com.njkj.yulian.R$attr: int cacheColorHint
com.njkj.yulian.R$attr: int cancelButtonBackground
com.njkj.yulian.R$attr: int cancelButtonMarginTop
com.njkj.yulian.R$attr: int cancelButtonTextColor
com.njkj.yulian.R$attr: int choiceMode
com.njkj.yulian.R$attr: int clickable
com.njkj.yulian.R$attr: int clipChildren
com.njkj.yulian.R$attr: int clipToPadding
com.njkj.yulian.R$attr: int color_center_halo_radius
...
com.mob.commons.logcollector.a
com.mob.commons.logcollector.a: a(android.content.Context)
com.mob.commons.logcollector.a: void onCreate(android.database.sqlite.SQLiteDatabase)
com.mob.commons.logcollector.a: void onUpgrade(android.database.sqlite.SQLiteDatabase,int,int)
com.mob.commons.logcollector.a: void onOpen(android.database.sqlite.SQLiteDatabase)
com.mob.commons.logcollector.a: void close()
com.mob.commons.logcollector.b
com.mob.commons.logcollector.b: android.content.Context a
com.mob.commons.logcollector.b: com.mob.commons.logcollector.a b
com.mob.commons.logcollector.b: com.mob.commons.logcollector.b c
com.mob.commons.logcollector.b: b(android.content.Context)
com.mob.commons.logcollector.b: com.mob.commons.logcollector.b a(android.content.Context)
com.mob.commons.logcollector.b: long a(java.lang.String,android.content.ContentValues)
com.mob.commons.logcollector.b: int a(java.lang.String,java.lang.String,java.lang.String[])
com.mob.commons.logcollector.b: int a(java.lang.String)
com.mob.commons.logcollector.b: android.database.Cursor a(java.lang.String,java.lang.String[])
com.mob.commons.logcollector.b: void <clinit>()
com.mob.commons.logcollector.c
com.mob.commons.logcollector.c: com.mob.commons.logcollector.c a
com.mob.commons.logcollector.c: java.lang.String b
com.mob.commons.logcollector.c: java.util.HashMap c
com.mob.commons.logcollector.c: android.content.Context d
com.mob.commons.logcollector.c: com.mob.tools.utils.DeviceHelper e
com.mob.commons.logcollector.c: com.mob.tools.network.NetworkHelper f
com.mob.commons.logcollector.c: com.mob.commons.logcollector.d g
com.mob.commons.logcollector.c: java.io.File h
com.mob.commons.logcollector.c: com.mob.tools.utils.FileLocker i
com.mob.commons.logcollector.c: c(android.content.Context)
com.mob.commons.logcollector.c: android.content.Context a()
com.mob.commons.logcollector.c: com.mob.commons.logcollector.c a(android.content.Context)
com.mob.commons.logcollector.c: void a(int,java.lang.String,java.lang.String)
com.mob.commons.logcollector.c: void a(int,int,java.lang.String,java.lang.String,java.lang.String)
com.mob.commons.logcollector.c: void a(android.os.Message)
com.mob.commons.logcollector.c: void b(int,int,java.lang.String,java.lang.String,java.lang.String)
com.mob.commons.logcollector.c: void onMessage(android.os.Message)
com.mob.commons.logcollector.c: void b(android.os.Message)
com.mob.commons.logcollector.c: void c(android.os.Message)
com.mob.commons.logcollector.c: java.lang.String b()
com.mob.commons.logcollector.c: void b(int,java.lang.String,java.lang.String)
com.mob.commons.logcollector.c: java.lang.String c()
com.mob.commons.logcollector.d
com.mob.commons.logcollector.d: com.mob.commons.logcollector.d a
com.mob.commons.logcollector.d: com.mob.tools.utils.SharePrefrenceHelper b
com.mob.commons.logcollector.d: d(android.content.Context)
com.mob.commons.logcollector.d: com.mob.commons.logcollector.d a(android.content.Context)
com.mob.commons.logcollector.d: void a(long)
com.mob.commons.logcollector.d: long a()
com.mob.commons.logcollector.d: void a(boolean)
com.mob.commons.logcollector.d: boolean b()
com.mob.commons.logcollector.d: void b(boolean)
com.mob.commons.logcollector.d: boolean c()
com.mob.commons.logcollector.d: void c(boolean)
com.mob.commons.logcollector.d: boolean d()
com.mob.commons.logcollector.d: void d(boolean)
com.mob.commons.logcollector.d: boolean e()
com.mob.commons.logcollector.d: java.lang.String f()
com.mob.commons.logcollector.d: void a(java.lang.String)
com.mob.commons.logcollector.e
com.mob.commons.logcollector.e: java.util.ArrayList a
com.mob.commons.logcollector.e: java.util.ArrayList b
com.mob.commons.logcollector.e: e()