Android/YuLian/proguard/mapping.txt
com.njkj.yulian.MainApplication -> com.njkj.yulian.MainApplication:
    android.content.Context sCtx -> sCtx
    com.njkj.yulian.core.crash.CrashHandler crashHandler -> crashHandler
    void onCreate() -> onCreate
    android.content.Context getContext() -> getContext
com.njkj.yulian.R -> com.njkj.yulian.R:
com.njkj.yulian.R$anim -> com.njkj.yulian.R$anim:
    int activity_close -> activity_close
    int activity_open -> activity_open
    int cycle -> cycle
    int fade_ins -> fade_ins
    int floating_action_button_hide -> floating_action_button_hide
    int floating_action_button_show -> floating_action_button_show
    int in_animation -> in_animation
    int in_bottom_to_top -> in_bottom_to_top
    int out_animation -> out_animation
    int out_bottom_to_top -> out_bottom_to_top
    int pop_enter_anim -> pop_enter_anim
    int pop_exit_anim -> pop_exit_anim
    int push_bottom_in -> push_bottom_in
    int push_bottom_out -> push_bottom_out
    int push_left_in -> push_left_in
    int push_left_out -> push_left_out
    int record_focus -> record_focus
    int reverse_anim -> reverse_anim
    int rotate_down -> rotate_down
    int rotate_up -> rotate_up
    int rotating -> rotating
    int shake -> shake
    int slide_in -> slide_in
    int slide_out -> slide_out
com.njkj.yulian.R$array -> com.njkj.yulian.R$array:
    int adjustUrl -> adjustUrl
    int filterName -> filterName
    int filterUrl -> filterUrl
    int fontName -> fontName
    int tagArray -> tagArray
com.njkj.yulian.R$attr -> com.njkj.yulian.R$attr:
    int absListViewStyle -> absListViewStyle
    int accessibilityFocusable -> accessibilityFocusable
    int actionSheetBackground -> actionSheetBackground
    int actionSheetPadding -> actionSheetPadding
    int actionSheetStyle -> actionSheetStyle
    int actionSheetTextSize -> actionSheetTextSize
    int addStatesFromChildren -> addStatesFromChildren
    int alpha -> alpha
    int alwaysDrawnWithCache -> alwaysDrawnWithCache
    int animate -> animate
    int animateLayoutChanges -> animateLayoutChanges
    int animationCache -> animationCache
    int aspectRatioX -> aspectRatioX
    int aspectRatioY -> aspectRatioY
    int bar_length -> bar_length
    int bar_orientation_horizontal -> bar_orientation_horizontal
    int bar_pointer_halo_radius -> bar_pointer_halo_radius
    int bar_pointer_radius -> bar_pointer_radius
    int bar_thickness -> bar_thickness
    int borderRadius -> borderRadius
    int borderWidth -> borderWidth
    int border_color -> border_color
    int border_width -> border_width
    int cacheColorHint -> cacheColorHint
    int cancelButtonBackground -> cancelButtonBackground
    int cancelButtonMarginTop -> cancelButtonMarginTop
    int cancelButtonTextColor -> cancelButtonTextColor
    int choiceMode -> choiceMode
    int clickable -> clickable
    int clipChildren -> clipChildren
    int clipToPadding -> clipToPadding
    int color_center_halo_radius -> color_center_halo_radius
...
org.apache.http.message.HeaderValueFormatter -> org.apache.http.message.HeaderValueFormatter:
    org.apache.http.util.CharArrayBuffer formatElements(org.apache.http.util.CharArrayBuffer,org.apache.http.HeaderElement[],boolean) -> formatElements
    org.apache.http.util.CharArrayBuffer formatHeaderElement(org.apache.http.util.CharArrayBuffer,org.apache.http.HeaderElement,boolean) -> formatHeaderElement
    org.apache.http.util.CharArrayBuffer formatParameters(org.apache.http.util.CharArrayBuffer,org.apache.http.NameValuePair[],boolean) -> formatParameters
    org.apache.http.util.CharArrayBuffer formatNameValuePair(org.apache.http.util.CharArrayBuffer,org.apache.http.NameValuePair,boolean) -> formatNameValuePair
org.apache.http.message.HeaderValueParser -> org.apache.http.message.HeaderValueParser:
    org.apache.http.HeaderElement[] parseElements(org.apache.http.util.CharArrayBuffer,org.apache.http.message.ParserCursor) -> parseElements
    org.apache.http.HeaderElement parseHeaderElement(org.apache.http.util.CharArrayBuffer,org.apache.http.message.ParserCursor) -> parseHeaderElement
    org.apache.http.NameValuePair[] parseParameters(org.apache.http.util.CharArrayBuffer,org.apache.http.message.ParserCursor) -> parseParameters
    org.apache.http.NameValuePair parseNameValuePair(org.apache.http.util.CharArrayBuffer,org.apache.http.message.ParserCursor) -> parseNameValuePair
org.apache.http.message.LineFormatter -> org.apache.http.message.LineFormatter:
    org.apache.http.util.CharArrayBuffer appendProtocolVersion(org.apache.http.util.CharArrayBuffer,org.apache.http.ProtocolVersion) -> appendProtocolVersion
    org.apache.http.util.CharArrayBuffer formatRequestLine(org.apache.http.util.CharArrayBuffer,org.apache.http.RequestLine) -> formatRequestLine
    org.apache.http.util.CharArrayBuffer formatStatusLine(org.apache.http.util.CharArrayBuffer,org.apache.http.StatusLine) -> formatStatusLine
    org.apache.http.util.CharArrayBuffer formatHeader(org.apache.http.util.CharArrayBuffer,org.apache.http.Header) -> formatHeader
org.apache.http.message.LineParser -> org.apache.http.message.LineParser:
    org.apache.http.ProtocolVersion parseProtocolVersion(org.apache.http.util.CharArrayBuffer,org.apache.http.message.ParserCursor) -> parseProtocolVersion
    boolean hasProtocolVersion(org.apache.http.util.CharArrayBuffer,org.apache.http.message.ParserCursor) -> hasProtocolVersion
    org.apache.http.RequestLine parseRequestLine(org.apache.http.util.CharArrayBuffer,org.apache.http.message.ParserCursor) -> parseRequestLine
    org.apache.http.StatusLine parseStatusLine(org.apache.http.util.CharArrayBuffer,org.apache.http.message.ParserCursor) -> parseStatusLine
    org.apache.http.Header parseHeader(org.apache.http.util.CharArrayBuffer) -> parseHeader
org.apache.http.message.ParserCursor -> org.apache.http.message.ParserCursor:
    int lowerBound -> lowerBound
    int upperBound -> upperBound
    int pos -> pos
    int getLowerBound() -> getLowerBound
    int getUpperBound() -> getUpperBound
    int getPos() -> getPos
    void updatePos(int) -> updatePos
    boolean atEnd() -> atEnd
    java.lang.String toString() -> toString