Android/YuLian/proguard/usage.txt
com.njkj.yulian.BuildConfig
com.njkj.yulian.Manifest
com.njkj.yulian.Manifest$permission
com.njkj.yulian.constant.DataContant:
    16:16:public DataContant()
com.njkj.yulian.constant.ReqCode
com.njkj.yulian.controller.LogController
com.njkj.yulian.controller.PushController:
    public static final int MSG_ORDER_STATUS
com.njkj.yulian.controller.StatusBarController:
    private static final int NOTICE_ID_MSG
    91:93:public void cancelMsgNotification()
    96:98:public void cancelAllNotification()
    104:105:public void cancelNotification(int)
    116:116:private java.lang.Class getCode(java.lang.String)
com.njkj.yulian.controller.TagController:
    52:83:public void createTag(java.lang.String,java.lang.String,java.lang.String,com.njkj.yulian.core.callback.SimpleCallback)
com.njkj.yulian.controller.TagController$1
com.njkj.yulian.controller.TagController$1$1
com.njkj.yulian.controller.TagController$2
com.njkj.yulian.controller.TagController$3
com.njkj.yulian.controller.TopicController:
    398:431:public void getUserTopicMovie(java.lang.String,int,int,java.lang.String,java.lang.String,com.njkj.yulian.core.callback.SimpleCallback)
com.njkj.yulian.controller.TopicController$22
com.njkj.yulian.controller.TopicController$22$1
com.njkj.yulian.controller.TopicController$23
com.njkj.yulian.controller.TopicController$24
com.njkj.yulian.controller.UserController:
    189:221:public void faceCertification(java.lang.String,java.lang.String,java.lang.String,com.njkj.yulian.core.callback.SimpleCallback)
com.njkj.yulian.controller.UserController$10
com.njkj.yulian.controller.UserController$11
com.njkj.yulian.controller.UserController$9
com.njkj.yulian.controller.UserController$9$1
com.njkj.yulian.core.cache.DiskLruCache:
    private static final java.lang.String TAG
    static final java.lang.String JOURNAL_FILE
    static final java.lang.String JOURNAL_FILE_TEMP
    static final java.lang.String JOURNAL_FILE_BACKUP
    static final java.lang.String MAGIC
    static final java.lang.String VERSION_1
    static final long ANY_SEQUENCE_NUMBER
    private static final java.lang.String CLEAN
    private static final java.lang.String DIRTY
    private static final java.lang.String REMOVE
    private static final java.lang.String READ
    391:391:public java.io.File getDirectory()
    399:399:public synchronized long getMaxSize()
    407:409:public synchronized void setMaxSize(long)
    417:417:public synchronized long size()
    526:526:public synchronized boolean isClosed()
    585:585:private static java.lang.String inputStreamToString(java.io.InputStream)
    364:364:static synthetic com.njkj.yulian.core.cache.DiskLruCache$Editor access$5(com.njkj.yulian.core.cache.DiskLruCache,java.lang.String,long)
    583:583:static synthetic java.lang.String access$6(java.io.InputStream)
com.njkj.yulian.core.cache.DiskLruCache$Editor:
    658:658:public java.io.InputStream newInputStream(int)
    678:679:public java.lang.String getString(int)
    717:725:public void set(int,java.lang.String)
    750:756:public void abortUnlessCommitted()
com.njkj.yulian.core.cache.DiskLruCache$Snapshot:
    609:609:public com.njkj.yulian.core.cache.DiskLruCache$Editor edit()
    619:619:public java.lang.String getString(int)
    624:624:public long getLength(int)
com.njkj.yulian.core.cache.ImageDownloader:
    34:34:public com.njkj.yulian.core.lib.volley.RequestQueue getRequestQueue()
    43:46:public void clearMemCache()
    50:53:public void clearDiskCache(java.lang.String)
    57:61:public java.lang.String getDiskCacheFilePath()
    66:69:public long getDiskCacheFileSize()
com.njkj.yulian.core.cache.ImageLruLoader
com.njkj.yulian.core.cache.ImageLruLoader$1
com.njkj.yulian.core.cache.StrictLineReader:
    private static final byte CR
    private static final byte LF
com.njkj.yulian.core.cache.Util:
    31:32:private Util()
    36:45:static java.lang.String readFully(java.io.Reader)
...
com.loopj.android.http.MySSLSocketFactory:
    84:85:public void fixHttpsURLConnection()
    96:124:public static java.security.KeyStore getKeystoreOfCA(java.io.InputStream)
    169:182:public static org.apache.http.impl.client.DefaultHttpClient getNewHttpClient(java.security.KeyStore)
com.loopj.android.http.PersistentCookieStore
com.loopj.android.http.PreemtiveAuthorizationHttpRequestInterceptor
com.loopj.android.http.RangeFileAsyncHttpResponseHandler:
    private static final java.lang.String LOG_TAG
    30:31:public RangeFileAsyncHttpResponseHandler(java.io.File)
    35:59:public void sendResponseMessage(org.apache.http.HttpResponse)
    63:84:protected byte[] getResponseData(org.apache.http.HttpEntity)
com.loopj.android.http.RequestHandle:
    31:32:public boolean cancel(boolean)
com.loopj.android.http.RequestParams:
    public static final java.lang.String APPLICATION_OCTET_STREAM
    protected static final java.lang.String LOG_TAG
    protected boolean autoCloseInputStreams
    112:116:public void setContentEncoding(java.lang.String)
    147:150:public RequestParams(java.lang.String,java.lang.String)
    160:169:public varargs RequestParams(java.lang.Object[])
    218:219:public void put(java.lang.String,java.io.InputStream)
    229:230:public void put(java.lang.String,java.io.InputStream,java.lang.String)
    241:242:public void put(java.lang.String,java.io.InputStream,java.lang.String,java.lang.String)
    254:257:public void put(java.lang.String,java.io.InputStream,java.lang.String,java.lang.String,boolean)
    266:269:public void put(java.lang.String,java.lang.Object)
    278:281:public void put(java.lang.String,int)
    290:293:public void put(java.lang.String,long)
    302:315:public void add(java.lang.String,java.lang.String)
    323:327:public void remove(java.lang.String)
    336:336:public boolean has(java.lang.String)
    386:387:public void setHttpEntityIsRepeatable(boolean)
    390:391:public void setUseJsonStreamer(boolean)
    400:401:public void setAutoCloseInputStreams(boolean)
    550:550:protected java.lang.String getParamString()
com.loopj.android.http.RequestParams$1
com.loopj.android.http.ResponseHandlerInterface:
    public abstract void sendSuccessMessage(int,org.apache.http.Header[],byte[])
    public abstract java.net.URI getRequestURI()
    public abstract org.apache.http.Header[] getRequestHeaders()
    public abstract void setUseSynchronousMode(boolean)
com.loopj.android.http.RetryHandler:
    107:108:static void addClassToWhitelist(java.lang.Class)
    111:112:static void addClassToBlacklist(java.lang.Class)
com.loopj.android.http.SimpleMultipartEntity:
    private static final java.lang.String LOG_TAG
    private static final java.lang.String STR_CR_LF
    107:108:public void addPart(java.lang.String,java.io.File)
com.loopj.android.http.SyncHttpClient
com.loopj.android.http.TextHttpResponseHandler:
    private static final java.lang.String LOG_TAG
    47:48:public TextHttpResponseHandler()
com.nineoldandroids.animation.Animator
com.nineoldandroids.animation.Animator$AnimatorListener
com.nineoldandroids.animation.AnimatorInflater
com.nineoldandroids.animation.AnimatorListenerAdapter
com.nineoldandroids.animation.AnimatorSet
com.nineoldandroids.animation.AnimatorSet$1
com.nineoldandroids.animation.AnimatorSet$AnimatorSetListener
com.nineoldandroids.animation.AnimatorSet$Builder
com.nineoldandroids.animation.AnimatorSet$Dependency
com.nineoldandroids.animation.AnimatorSet$DependencyListener
com.nineoldandroids.animation.AnimatorSet$Node
com.nineoldandroids.animation.ArgbEvaluator
com.nineoldandroids.animation.FloatEvaluator
com.nineoldandroids.animation.FloatKeyframeSet
com.nineoldandroids.animation.IntEvaluator
com.nineoldandroids.animation.IntKeyframeSet
com.nineoldandroids.animation.Keyframe
com.nineoldandroids.animation.Keyframe$FloatKeyframe
com.nineoldandroids.animation.Keyframe$IntKeyframe
com.nineoldandroids.animation.Keyframe$ObjectKeyframe
com.nineoldandroids.animation.KeyframeSet